2016/11/25 12:42:55 にビルドを開始しました。
     1>ノード 2 上のプロジェクト "C:\Users\0133752\Documents\Visual Studio 2013\Projects\BezierCurve\BezierCurve\BezierCurve.vcxproj" (Build ターゲット)。
     1>ClCompile:
         C:\Program Files (x86)\Microsoft Visual Studio 12.0\VC\bin\CL.exe /c /IC:\Users\0133752\.conda\envs\py2\include /IC:\opencv\build\include /ZI /nologo /W3 /WX- /sdl /Od /Oy- /D WIN32 /D _DEBUG /D _CONSOLE /D _LIB /D _UNICODE /D UNICODE /Gm /EHsc /RTC1 /MDd /GS /fp:precise /Zc:wchar_t /Zc:forScope /Fo"Debug\\" /Fd"Debug\vc120.pdb" /Gd /TP /analyze- /errorReport:prompt Source.cpp
         Source.cpp
     1>c:\opencv\build\include\opencv2\core\mat.hpp(1965): warning C4819: ファイルは、現在のコード ページ (932) で表示できない文字を含んでいます。データの損失を防ぐために、ファイルを Unicode 形式で保存してください。
     1>c:\opencv\build\include\opencv2\core\persistence.hpp : warning C4819: ファイルは、現在のコード ページ (932) で表示できない文字を含んでいます。データの損失を防ぐために、ファイルを Unicode 形式で保存してください。
     1>c:\opencv\build\include\opencv2\core\utility.hpp : warning C4819: ファイルは、現在のコード ページ (932) で表示できない文字を含んでいます。データの損失を防ぐために、ファイルを Unicode 形式で保存してください。
     1>c:\users\0133752\documents\visual studio 2013\projects\beziercurve\beziercurve\matplotlibcpp.h(145): warning C4800: 'PyObject *' : ブール値を 'true' または 'false' に強制的に設定します (警告の処理)
     1>c:\users\0133752\documents\visual studio 2013\projects\beziercurve\beziercurve\source.cpp(52): warning C4244: '引数' : 'long double' から 'int' への変換です。データが失われる可能性があります。
     1>c:\users\0133752\documents\visual studio 2013\projects\beziercurve\beziercurve\source.cpp(53): warning C4244: '引数' : 'long double' から 'int' への変換です。データが失われる可能性があります。
     1>c:\users\0133752\documents\visual studio 2013\projects\beziercurve\beziercurve\source.cpp(78): warning C4244: '引数' : 'long double' から 'int' への変換です。データが失われる可能性があります。
     1>c:\users\0133752\documents\visual studio 2013\projects\beziercurve\beziercurve\source.cpp(79): warning C4244: '引数' : 'long double' から 'int' への変換です。データが失われる可能性があります。
     1>c:\users\0133752\documents\visual studio 2013\projects\beziercurve\beziercurve\source.cpp(92): warning C4018: '<' : signed と unsigned の数値を比較しようとしました。
       Link:
         C:\Program Files (x86)\Microsoft Visual Studio 12.0\VC\bin\link.exe /ERRORREPORT:PROMPT /OUT:"C:\Users\0133752\Documents\Visual Studio 2013\Projects\BezierCurve\Debug\BezierCurve.exe" /INCREMENTAL /NOLOGO kernel32.lib user32.lib gdi32.lib winspool.lib comdlg32.lib advapi32.lib shell32.lib ole32.lib oleaut32.lib uuid.lib odbc32.lib odbccp32.lib /MANIFEST /MANIFESTUAC:"level='asInvoker' uiAccess='false'" /manifest:embed /DEBUG /PDB:"C:\Users\0133752\Documents\Visual Studio 2013\Projects\BezierCurve\Debug\BezierCurve.pdb" /SUBSYSTEM:CONSOLE /TLBID:1 /DYNAMICBASE /NXCOMPAT /IMPLIB:"C:\Users\0133752\Documents\Visual Studio 2013\Projects\BezierCurve\Debug\BezierCurve.lib" /MACHINE:X86 Debug\Source.obj
     1>LINK : fatal error LNK1104: ファイル 'python27_d.lib' を開くことができません。
     1>プロジェクト "C:\Users\0133752\Documents\Visual Studio 2013\Projects\BezierCurve\BezierCurve\BezierCurve.vcxproj" (Build ターゲット) のビルドが終了しました -- 失敗。

ビルドに失敗しました。

経過時間 00:00:03.16
